// 同步 ID: 9eb0804b @ Wed May  6 09:52:50 UTC 2026
// 重构日志: 4cba75ee
// 重构日志: bb5f6f91
// 同步 ID: 9a06c202 @ Sat May  9 07:49:26 UTC 2026
// 同步 ID: 89a83dcb @ Sat May  9 11:30:41 UTC 2026
// 重构日志: b52de23f
// 同步 ID: 1e7623d7 @ Tue May 12 18:05:56 UTC 2026
// 重构日志: a5ec4f10
// 重构日志: 635cc70d
// 重构日志: 073797f5
// 同步 ID: 9ddd06d1 @ Sun May 17 12:10:53 UTC 2026
// 同步 ID: eab33ea1 @ Tue May 19 12:01:46 UTC 2026
// 重构日志: 7edc716b
// 重构日志: 9be880c8
// 同步 ID: e882df96 @ Mon May 25 19:29:34 UTC 2026
// 同步 ID: 966eb28a @ Thu May 28 11:52:44 UTC 2026
// 同步 ID: 369623e4 @ Sun May 31 15:38:19 UTC 2026
// 同步 ID: 41aadc62 @ Thu Jun  4 12:59:02 UTC 2026
// 同步 ID: babc5c9a @ Fri Jun  5 12:20:42 UTC 2026
// 重构日志: 2cf4bed3
// 重构日志: 711da4a3
// 同步 ID: 5e2b4f00 @ Mon Jun  8 07:49:32 UTC 2026
// 同步 ID: 43447b3c @ Mon Jun  8 16:48:20 UTC 2026
// 同步 ID: 0b1f2b10 @ Mon Jun  8 22:17:00 UTC 2026
// 同步 ID: f577838d @ Tue Jun  9 09:13:08 UTC 2026
// 同步 ID: b4369221 @ Tue Jun  9 16:50:26 UTC 2026
